This file contains any messages produced by compilers while
running configure, to aid debugging if configure makes a mistake.

It was created by configure, which was
generated by GNU Autoconf 2.59.  Invocation command line was

  $ ./configure --target=arm-rockchip830-linux-uclibcgnueabihf --host=arm-rockchip830-linux-uclibcgnueabihf --exec-prefix=/usr --sysconfdir=/etc --localstatedir=/var --disable-gtk-doc --disable-gtk-doc-html --disable-doc --disable-docs --disable-documentation --with-xmlto=no --with-fop=no --disable-dependency-tracking

## --------- ##
## Platform. ##
## --------- ##

hostname = indream-VirtualBox
uname -m = x86_64
uname -r = 5.15.0-92-generic
uname -s = Linux
uname -v = #102-Ubuntu SMP Wed Jan 10 09:33:48 UTC 2024

/usr/bin/uname -p = x86_64
/bin/uname -X     = unknown

/bin/arch              = x86_64
/usr/bin/arch -k       = unknown
/usr/convex/getsysinfo = unknown
hostinfo               = unknown
/bin/machine           = unknown
/usr/bin/oslevel       = unknown
/bin/universe          = unknown

PATH: /home/indream/Projects/luckfox-pico/bin
PATH: /home/indream/Projects/luckfox-pico/tools/linux/toolchain/arm-rockchip830-linux-uclibcgnueabihf/bin
PATH: /home/indream/Projects/luckfox-pico/bin
PATH: /home/indream/Projects/luckfox-pico/bin
PATH: /usr/local/sbin
PATH: /usr/local/bin
PATH: /usr/sbin
PATH: /usr/bin
PATH: /sbin
PATH: /bin
PATH: /usr/games
PATH: /usr/local/games
PATH: /snap/bin
PATH: /snap/bin


## ----------- ##
## Core tests. ##
## ----------- ##

configure:1337: checking for a BSD-compatible install
configure:1392: result: /usr/bin/install -c
configure:1403: checking whether build environment is sane
configure:1446: result: yes
configure:1503: checking for gawk
configure:1519: found /usr/bin/gawk
configure:1529: result: gawk
configure:1539: checking whether make sets $(MAKE)
configure:1559: result: yes
configure:1638: checking for arm-rockchip830-linux-uclibcgnueabihf-strip
configure:1654: found /home/indream/Projects/luckfox-pico/tools/linux/toolchain/arm-rockchip830-linux-uclibcgnueabihf/bin/arm-rockchip830-linux-uclibcgnueabihf-strip
configure:1664: result: arm-rockchip830-linux-uclibcgnueabihf-strip
configure:1746: checking for arm-rockchip830-linux-uclibcgnueabihf-gcc
configure:1762: found /home/indream/Projects/luckfox-pico/tools/linux/toolchain/arm-rockchip830-linux-uclibcgnueabihf/bin/arm-rockchip830-linux-uclibcgnueabihf-gcc
configure:1772: result: arm-rockchip830-linux-uclibcgnueabihf-gcc
configure:2054: checking for C compiler version
configure:2057: arm-rockchip830-linux-uclibcgnueabihf-gcc --version </dev/null >&5
arm-rockchip830-linux-uclibcgnueabihf-gcc (crosstool-NG 1.24.0) 8.3.0
Copyright (C) 2018 Free Software Foundation, Inc.
This is free software; see the source for copying conditions.  There is NO
warranty; not even for MERCHANTABILITY or FITNESS FOR A PARTICULAR PURPOSE.

configure:2060: $? = 0
configure:2062: arm-rockchip830-linux-uclibcgnueabihf-gcc -v </dev/null >&5
Using built-in specs.
COLLECT_GCC=arm-rockchip830-linux-uclibcgnueabihf-gcc
COLLECT_LTO_WRAPPER=/home/indream/Projects/luckfox-pico/tools/linux/toolchain/arm-rockchip830-linux-uclibcgnueabihf/bin/../libexec/gcc/arm-rockchip830-linux-uclibcgnueabihf/8.3.0/lto-wrapper
Target: arm-rockchip830-linux-uclibcgnueabihf
Configured with: /opt/.build/arm-rockchip830-linux-uclibcgnueabihf/src/gcc/configure --build=x86_64-build_pc-linux-gnu --host=x86_64-build_pc-linux-gnu --target=arm-rockchip830-linux-uclibcgnueabihf --prefix=/opt/x-tool/arm-rockchip830-linux-uclibcgnueabihf --with-sysroot=/opt/x-tool/arm-rockchip830-linux-uclibcgnueabihf/arm-rockchip830-linux-uclibcgnueabihf/sysroot --enable-languages=c,c++ --with-arch=armv7-a --with-fpu=neon-vfpv4 --with-float=hard --with-pkgversion='crosstool-NG 1.24.0' --enable-__cxa_atexit --disable-libmudflap --disable-libgomp --disable-libssp --disable-libquadmath --disable-libquadmath-support --disable-libsanitizer --disable-libmpx --with-gmp=/opt/.build/arm-rockchip830-linux-uclibcgnueabihf/buildtools --with-mpfr=/opt/.build/arm-rockchip830-linux-uclibcgnueabihf/buildtools --with-mpc=/opt/.build/arm-rockchip830-linux-uclibcgnueabihf/buildtools --with-isl=/opt/.build/arm-rockchip830-linux-uclibcgnueabihf/buildtools --enable-lto --with-host-libstdcxx='-static-libgcc -Wl,-Bstatic,-lstdc++,-Bdynamic -lm' --enable-threads=posix --enable-target-optspace --enable-plugin --enable-gold --disable-nls --disable-multilib --with-local-prefix=/opt/x-tool/arm-rockchip830-linux-uclibcgnueabihf/arm-rockchip830-linux-uclibcgnueabihf/sysroot --enable-long-long
Thread model: posix
gcc version 8.3.0 (crosstool-NG 1.24.0) 
configure:2065: $? = 0
configure:2067: arm-rockchip830-linux-uclibcgnueabihf-gcc -V </dev/null >&5
arm-rockchip830-linux-uclibcgnueabihf-gcc: error: unrecognized command line option '-V'
arm-rockchip830-linux-uclibcgnueabihf-gcc: fatal error: no input files
compilation terminated.
configure:2070: $? = 1
configure:2093: checking for C compiler default output file name
configure:2096: arm-rockchip830-linux-uclibcgnueabihf-gcc -D_LARGEFILE_SOURCE -D_LARGEFILE64_SOURCE -D_FILE_OFFSET_BITS=64 -march=armv7-a -mfpu=neon -mfloat-abi=hard -D_LARGEFILE_SOURCE -D_LARGEFILE64_SOURCE -D_FILE_OFFSET_BITS=64 -Wl,-rpath-link,/home/indream/Projects/RV1106_EXAMPLES/src/out/lib:/home/indream/Projects/RV1106_EXAMPLES/src/out/root/usr/lib -march=armv7-a -mfpu=neon -mfloat-abi=hard -D_LARGEFILE_SOURCE -D_LARGEFILE64_SOURCE -D_FILE_OFFSET_BITS=64 -Wl,-rpath-link,/home/indream/Projects/RV1106_EXAMPLES/src/out/lib:/home/indream/Projects/RV1106_EXAMPLES/src/out/root/usr/lib -march=armv7-a -mfpu=neon -mfloat-abi=hard -D_LARGEFILE_SOURCE -D_LARGEFILE64_SOURCE -D_FILE_OFFSET_BITS=64 -march=armv7-a -mfpu=neon -mfloat-abi=hard -Os -fPIC -fgnu89-inline   conftest.c  >&5
configure:2099: $? = 0
configure:2145: result: a.out
configure:2150: checking whether the C compiler works
configure:2156: ./a.out
./configure: line 2157: ./a.out: cannot execute binary file: Exec format error
configure:2159: $? = 126
configure:2176: result: yes
configure:2183: checking whether we are cross compiling
configure:2185: result: yes
configure:2188: checking for suffix of executables
configure:2190: arm-rockchip830-linux-uclibcgnueabihf-gcc -o conftest -D_LARGEFILE_SOURCE -D_LARGEFILE64_SOURCE -D_FILE_OFFSET_BITS=64 -march=armv7-a -mfpu=neon -mfloat-abi=hard -D_LARGEFILE_SOURCE -D_LARGEFILE64_SOURCE -D_FILE_OFFSET_BITS=64 -Wl,-rpath-link,/home/indream/Projects/RV1106_EXAMPLES/src/out/lib:/home/indream/Projects/RV1106_EXAMPLES/src/out/root/usr/lib -march=armv7-a -mfpu=neon -mfloat-abi=hard -D_LARGEFILE_SOURCE -D_LARGEFILE64_SOURCE -D_FILE_OFFSET_BITS=64 -Wl,-rpath-link,/home/indream/Projects/RV1106_EXAMPLES/src/out/lib:/home/indream/Projects/RV1106_EXAMPLES/src/out/root/usr/lib -march=armv7-a -mfpu=neon -mfloat-abi=hard -D_LARGEFILE_SOURCE -D_LARGEFILE64_SOURCE -D_FILE_OFFSET_BITS=64 -march=armv7-a -mfpu=neon -mfloat-abi=hard -Os -fPIC -fgnu89-inline   conftest.c  >&5
configure:2193: $? = 0
configure:2218: result: 
configure:2224: checking for suffix of object files
configure:2245: arm-rockchip830-linux-uclibcgnueabihf-gcc -c -D_LARGEFILE_SOURCE -D_LARGEFILE64_SOURCE -D_FILE_OFFSET_BITS=64 -march=armv7-a -mfpu=neon -mfloat-abi=hard -D_LARGEFILE_SOURCE -D_LARGEFILE64_SOURCE -D_FILE_OFFSET_BITS=64 -Wl,-rpath-link,/home/indream/Projects/RV1106_EXAMPLES/src/out/lib:/home/indream/Projects/RV1106_EXAMPLES/src/out/root/usr/lib -march=armv7-a -mfpu=neon -mfloat-abi=hard -D_LARGEFILE_SOURCE -D_LARGEFILE64_SOURCE -D_FILE_OFFSET_BITS=64 -Wl,-rpath-link,/home/indream/Projects/RV1106_EXAMPLES/src/out/lib:/home/indream/Projects/RV1106_EXAMPLES/src/out/root/usr/lib -march=armv7-a -mfpu=neon -mfloat-abi=hard -D_LARGEFILE_SOURCE -D_LARGEFILE64_SOURCE -D_FILE_OFFSET_BITS=64 -march=armv7-a -mfpu=neon -mfloat-abi=hard -Os -fPIC -fgnu89-inline  conftest.c >&5
configure:2248: $? = 0
configure:2270: result: o
configure:2274: checking whether we are using the GNU C compiler
configure:2298: arm-rockchip830-linux-uclibcgnueabihf-gcc -c -D_LARGEFILE_SOURCE -D_LARGEFILE64_SOURCE -D_FILE_OFFSET_BITS=64 -march=armv7-a -mfpu=neon -mfloat-abi=hard -D_LARGEFILE_SOURCE -D_LARGEFILE64_SOURCE -D_FILE_OFFSET_BITS=64 -Wl,-rpath-link,/home/indream/Projects/RV1106_EXAMPLES/src/out/lib:/home/indream/Projects/RV1106_EXAMPLES/src/out/root/usr/lib -march=armv7-a -mfpu=neon -mfloat-abi=hard -D_LARGEFILE_SOURCE -D_LARGEFILE64_SOURCE -D_FILE_OFFSET_BITS=64 -Wl,-rpath-link,/home/indream/Projects/RV1106_EXAMPLES/src/out/lib:/home/indream/Projects/RV1106_EXAMPLES/src/out/root/usr/lib -march=armv7-a -mfpu=neon -mfloat-abi=hard -D_LARGEFILE_SOURCE -D_LARGEFILE64_SOURCE -D_FILE_OFFSET_BITS=64 -march=armv7-a -mfpu=neon -mfloat-abi=hard -Os -fPIC -fgnu89-inline  conftest.c >&5
configure:2304: $? = 0
configure:2308: test -z 
			 || test ! -s conftest.err
configure:2311: $? = 0
configure:2314: test -s conftest.o
configure:2317: $? = 0
configure:2330: result: yes
configure:2336: checking whether arm-rockchip830-linux-uclibcgnueabihf-gcc accepts -g
configure:2357: arm-rockchip830-linux-uclibcgnueabihf-gcc -c -g  conftest.c >&5
configure:2363: $? = 0
configure:2367: test -z 
			 || test ! -s conftest.err
configure:2370: $? = 0
configure:2373: test -s conftest.o
configure:2376: $? = 0
configure:2387: result: yes
configure:2404: checking for arm-rockchip830-linux-uclibcgnueabihf-gcc option to accept ANSI C
configure:2474: arm-rockchip830-linux-uclibcgnueabihf-gcc  -c -D_LARGEFILE_SOURCE -D_LARGEFILE64_SOURCE -D_FILE_OFFSET_BITS=64 -march=armv7-a -mfpu=neon -mfloat-abi=hard -D_LARGEFILE_SOURCE -D_LARGEFILE64_SOURCE -D_FILE_OFFSET_BITS=64 -Wl,-rpath-link,/home/indream/Projects/RV1106_EXAMPLES/src/out/lib:/home/indream/Projects/RV1106_EXAMPLES/src/out/root/usr/lib -march=armv7-a -mfpu=neon -mfloat-abi=hard -D_LARGEFILE_SOURCE -D_LARGEFILE64_SOURCE -D_FILE_OFFSET_BITS=64 -Wl,-rpath-link,/home/indream/Projects/RV1106_EXAMPLES/src/out/lib:/home/indream/Projects/RV1106_EXAMPLES/src/out/root/usr/lib -march=armv7-a -mfpu=neon -mfloat-abi=hard -D_LARGEFILE_SOURCE -D_LARGEFILE64_SOURCE -D_FILE_OFFSET_BITS=64 -march=armv7-a -mfpu=neon -mfloat-abi=hard -Os -fPIC -fgnu89-inline  conftest.c >&5
configure:2480: $? = 0
configure:2484: test -z 
			 || test ! -s conftest.err
configure:2487: $? = 0
configure:2490: test -s conftest.o
configure:2493: $? = 0
configure:2511: result: none needed
configure:2529: arm-rockchip830-linux-uclibcgnueabihf-gcc -c -D_LARGEFILE_SOURCE -D_LARGEFILE64_SOURCE -D_FILE_OFFSET_BITS=64 -march=armv7-a -mfpu=neon -mfloat-abi=hard -D_LARGEFILE_SOURCE -D_LARGEFILE64_SOURCE -D_FILE_OFFSET_BITS=64 -Wl,-rpath-link,/home/indream/Projects/RV1106_EXAMPLES/src/out/lib:/home/indream/Projects/RV1106_EXAMPLES/src/out/root/usr/lib -march=armv7-a -mfpu=neon -mfloat-abi=hard -D_LARGEFILE_SOURCE -D_LARGEFILE64_SOURCE -D_FILE_OFFSET_BITS=64 -Wl,-rpath-link,/home/indream/Projects/RV1106_EXAMPLES/src/out/lib:/home/indream/Projects/RV1106_EXAMPLES/src/out/root/usr/lib -march=armv7-a -mfpu=neon -mfloat-abi=hard -D_LARGEFILE_SOURCE -D_LARGEFILE64_SOURCE -D_FILE_OFFSET_BITS=64 -march=armv7-a -mfpu=neon -mfloat-abi=hard -Os -fPIC -fgnu89-inline  conftest.c >&5
conftest.c:2:3: error: unknown type name 'choke'
   choke me
   ^~~~~
conftest.c:2:3: error: expected '=', ',', ';', 'asm' or '__attribute__' at end of input
configure:2535: $? = 1
configure: failed program was:
| #ifndef __cplusplus
|   choke me
| #endif
configure:2679: checking for style of include used by make
configure:2707: result: GNU
configure:2735: checking dependency style of arm-rockchip830-linux-uclibcgnueabihf-gcc
configure:2818: result: none
configure:2835: checking whether make sets $(MAKE)
configure:2855: result: yes
configure:2867: checking for arm-rockchip830-linux-uclibcgnueabihf-ranlib
configure:2883: found /home/indream/Projects/luckfox-pico/tools/linux/toolchain/arm-rockchip830-linux-uclibcgnueabihf/bin/arm-rockchip830-linux-uclibcgnueabihf-ranlib
configure:2893: result: arm-rockchip830-linux-uclibcgnueabihf-ranlib
configure:2952: checking for arm-rockchip830-linux-uclibcgnueabihf-gcc
configure:2978: result: arm-rockchip830-linux-uclibcgnueabihf-gcc
configure:3260: checking for C compiler version
configure:3263: arm-rockchip830-linux-uclibcgnueabihf-gcc --version </dev/null >&5
arm-rockchip830-linux-uclibcgnueabihf-gcc (crosstool-NG 1.24.0) 8.3.0
Copyright (C) 2018 Free Software Foundation, Inc.
This is free software; see the source for copying conditions.  There is NO
warranty; not even for MERCHANTABILITY or FITNESS FOR A PARTICULAR PURPOSE.

configure:3266: $? = 0
configure:3268: arm-rockchip830-linux-uclibcgnueabihf-gcc -v </dev/null >&5
Using built-in specs.
COLLECT_GCC=arm-rockchip830-linux-uclibcgnueabihf-gcc
COLLECT_LTO_WRAPPER=/home/indream/Projects/luckfox-pico/tools/linux/toolchain/arm-rockchip830-linux-uclibcgnueabihf/bin/../libexec/gcc/arm-rockchip830-linux-uclibcgnueabihf/8.3.0/lto-wrapper
Target: arm-rockchip830-linux-uclibcgnueabihf
Configured with: /opt/.build/arm-rockchip830-linux-uclibcgnueabihf/src/gcc/configure --build=x86_64-build_pc-linux-gnu --host=x86_64-build_pc-linux-gnu --target=arm-rockchip830-linux-uclibcgnueabihf --prefix=/opt/x-tool/arm-rockchip830-linux-uclibcgnueabihf --with-sysroot=/opt/x-tool/arm-rockchip830-linux-uclibcgnueabihf/arm-rockchip830-linux-uclibcgnueabihf/sysroot --enable-languages=c,c++ --with-arch=armv7-a --with-fpu=neon-vfpv4 --with-float=hard --with-pkgversion='crosstool-NG 1.24.0' --enable-__cxa_atexit --disable-libmudflap --disable-libgomp --disable-libssp --disable-libquadmath --disable-libquadmath-support --disable-libsanitizer --disable-libmpx --with-gmp=/opt/.build/arm-rockchip830-linux-uclibcgnueabihf/buildtools --with-mpfr=/opt/.build/arm-rockchip830-linux-uclibcgnueabihf/buildtools --with-mpc=/opt/.build/arm-rockchip830-linux-uclibcgnueabihf/buildtools --with-isl=/opt/.build/arm-rockchip830-linux-uclibcgnueabihf/buildtools --enable-lto --with-host-libstdcxx='-static-libgcc -Wl,-Bstatic,-lstdc++,-Bdynamic -lm' --enable-threads=posix --enable-target-optspace --enable-plugin --enable-gold --disable-nls --disable-multilib --with-local-prefix=/opt/x-tool/arm-rockchip830-linux-uclibcgnueabihf/arm-rockchip830-linux-uclibcgnueabihf/sysroot --enable-long-long
Thread model: posix
gcc version 8.3.0 (crosstool-NG 1.24.0) 
configure:3271: $? = 0
configure:3273: arm-rockchip830-linux-uclibcgnueabihf-gcc -V </dev/null >&5
arm-rockchip830-linux-uclibcgnueabihf-gcc: error: unrecognized command line option '-V'
arm-rockchip830-linux-uclibcgnueabihf-gcc: fatal error: no input files
compilation terminated.
configure:3276: $? = 1
configure:3279: checking whether we are using the GNU C compiler
configure:3335: result: yes
configure:3341: checking whether arm-rockchip830-linux-uclibcgnueabihf-gcc accepts -g
configure:3392: result: yes
configure:3409: checking for arm-rockchip830-linux-uclibcgnueabihf-gcc option to accept ANSI C
configure:3516: result: none needed
configure:3534: arm-rockchip830-linux-uclibcgnueabihf-gcc -c -D_LARGEFILE_SOURCE -D_LARGEFILE64_SOURCE -D_FILE_OFFSET_BITS=64 -march=armv7-a -mfpu=neon -mfloat-abi=hard -D_LARGEFILE_SOURCE -D_LARGEFILE64_SOURCE -D_FILE_OFFSET_BITS=64 -Wl,-rpath-link,/home/indream/Projects/RV1106_EXAMPLES/src/out/lib:/home/indream/Projects/RV1106_EXAMPLES/src/out/root/usr/lib -march=armv7-a -mfpu=neon -mfloat-abi=hard -D_LARGEFILE_SOURCE -D_LARGEFILE64_SOURCE -D_FILE_OFFSET_BITS=64 -Wl,-rpath-link,/home/indream/Projects/RV1106_EXAMPLES/src/out/lib:/home/indream/Projects/RV1106_EXAMPLES/src/out/root/usr/lib -march=armv7-a -mfpu=neon -mfloat-abi=hard -D_LARGEFILE_SOURCE -D_LARGEFILE64_SOURCE -D_FILE_OFFSET_BITS=64 -march=armv7-a -mfpu=neon -mfloat-abi=hard -Os -fPIC -fgnu89-inline  conftest.c >&5
conftest.c:2:3: error: unknown type name 'choke'
   choke me
   ^~~~~
conftest.c:2:3: error: expected '=', ',', ';', 'asm' or '__attribute__' at end of input
configure:3540: $? = 1
configure: failed program was:
| #ifndef __cplusplus
|   choke me
| #endif
configure:3675: checking dependency style of arm-rockchip830-linux-uclibcgnueabihf-gcc
configure:3758: result: none
configure:3794: checking how to run the C preprocessor
configure:3829: arm-rockchip830-linux-uclibcgnueabihf-gcc -E  conftest.c
configure:3835: $? = 0
configure:3867: arm-rockchip830-linux-uclibcgnueabihf-gcc -E  conftest.c
conftest.c:12:10: fatal error: ac_nonexistent.h: No such file or directory
 #include <ac_nonexistent.h>
          ^~~~~~~~~~~~~~~~~~
compilation terminated.
configure:3873: $? = 1
configure: failed program was:
| /* confdefs.h.  */
| 
| #define PACKAGE_NAME ""
| #define PACKAGE_TARNAME ""
| #define PACKAGE_VERSION ""
| #define PACKAGE_STRING ""
| #define PACKAGE_BUGREPORT ""
| #define PACKAGE "argp"
| #define VERSION "standalone-1.3"
| #define _GNU_SOURCE 1
| /* end confdefs.h.  */
| #include <ac_nonexistent.h>
configure:3912: result: arm-rockchip830-linux-uclibcgnueabihf-gcc -E
configure:3936: arm-rockchip830-linux-uclibcgnueabihf-gcc -E  conftest.c
configure:3942: $? = 0
configure:3974: arm-rockchip830-linux-uclibcgnueabihf-gcc -E  conftest.c
conftest.c:12:10: fatal error: ac_nonexistent.h: No such file or directory
 #include <ac_nonexistent.h>
          ^~~~~~~~~~~~~~~~~~
compilation terminated.
configure:3980: $? = 1
configure: failed program was:
| /* confdefs.h.  */
| 
| #define PACKAGE_NAME ""
| #define PACKAGE_TARNAME ""
| #define PACKAGE_VERSION ""
| #define PACKAGE_STRING ""
| #define PACKAGE_BUGREPORT ""
| #define PACKAGE "argp"
| #define VERSION "standalone-1.3"
| #define _GNU_SOURCE 1
| /* end confdefs.h.  */
| #include <ac_nonexistent.h>
configure:4024: checking for egrep
configure:4034: result: grep -E
configure:4039: checking for ANSI C header files
configure:4064: arm-rockchip830-linux-uclibcgnueabihf-gcc -c -D_LARGEFILE_SOURCE -D_LARGEFILE64_SOURCE -D_FILE_OFFSET_BITS=64 -march=armv7-a -mfpu=neon -mfloat-abi=hard -D_LARGEFILE_SOURCE -D_LARGEFILE64_SOURCE -D_FILE_OFFSET_BITS=64 -Wl,-rpath-link,/home/indream/Projects/RV1106_EXAMPLES/src/out/lib:/home/indream/Projects/RV1106_EXAMPLES/src/out/root/usr/lib -march=armv7-a -mfpu=neon -mfloat-abi=hard -D_LARGEFILE_SOURCE -D_LARGEFILE64_SOURCE -D_FILE_OFFSET_BITS=64 -Wl,-rpath-link,/home/indream/Projects/RV1106_EXAMPLES/src/out/lib:/home/indream/Projects/RV1106_EXAMPLES/src/out/root/usr/lib -march=armv7-a -mfpu=neon -mfloat-abi=hard -D_LARGEFILE_SOURCE -D_LARGEFILE64_SOURCE -D_FILE_OFFSET_BITS=64 -march=armv7-a -mfpu=neon -mfloat-abi=hard -Os -fPIC -fgnu89-inline  conftest.c >&5
configure:4070: $? = 0
configure:4074: test -z 
			 || test ! -s conftest.err
configure:4077: $? = 0
configure:4080: test -s conftest.o
configure:4083: $? = 0
configure:4195: result: yes
configure:4219: checking for sys/types.h
configure:4235: arm-rockchip830-linux-uclibcgnueabihf-gcc -c -D_LARGEFILE_SOURCE -D_LARGEFILE64_SOURCE -D_FILE_OFFSET_BITS=64 -march=armv7-a -mfpu=neon -mfloat-abi=hard -D_LARGEFILE_SOURCE -D_LARGEFILE64_SOURCE -D_FILE_OFFSET_BITS=64 -Wl,-rpath-link,/home/indream/Projects/RV1106_EXAMPLES/src/out/lib:/home/indream/Projects/RV1106_EXAMPLES/src/out/root/usr/lib -march=armv7-a -mfpu=neon -mfloat-abi=hard -D_LARGEFILE_SOURCE -D_LARGEFILE64_SOURCE -D_FILE_OFFSET_BITS=64 -Wl,-rpath-link,/home/indream/Projects/RV1106_EXAMPLES/src/out/lib:/home/indream/Projects/RV1106_EXAMPLES/src/out/root/usr/lib -march=armv7-a -mfpu=neon -mfloat-abi=hard -D_LARGEFILE_SOURCE -D_LARGEFILE64_SOURCE -D_FILE_OFFSET_BITS=64 -march=armv7-a -mfpu=neon -mfloat-abi=hard -Os -fPIC -fgnu89-inline  conftest.c >&5
configure:4241: $? = 0
configure:4245: test -z 
			 || test ! -s conftest.err
configure:4248: $? = 0
configure:4251: test -s conftest.o
configure:4254: $? = 0
configure:4265: result: yes
configure:4219: checking for sys/stat.h
configure:4235: arm-rockchip830-linux-uclibcgnueabihf-gcc -c -D_LARGEFILE_SOURCE -D_LARGEFILE64_SOURCE -D_FILE_OFFSET_BITS=64 -march=armv7-a -mfpu=neon -mfloat-abi=hard -D_LARGEFILE_SOURCE -D_LARGEFILE64_SOURCE -D_FILE_OFFSET_BITS=64 -Wl,-rpath-link,/home/indream/Projects/RV1106_EXAMPLES/src/out/lib:/home/indream/Projects/RV1106_EXAMPLES/src/out/root/usr/lib -march=armv7-a -mfpu=neon -mfloat-abi=hard -D_LARGEFILE_SOURCE -D_LARGEFILE64_SOURCE -D_FILE_OFFSET_BITS=64 -Wl,-rpath-link,/home/indream/Projects/RV1106_EXAMPLES/src/out/lib:/home/indream/Projects/RV1106_EXAMPLES/src/out/root/usr/lib -march=armv7-a -mfpu=neon -mfloat-abi=hard -D_LARGEFILE_SOURCE -D_LARGEFILE64_SOURCE -D_FILE_OFFSET_BITS=64 -march=armv7-a -mfpu=neon -mfloat-abi=hard -Os -fPIC -fgnu89-inline  conftest.c >&5
configure:4241: $? = 0
configure:4245: test -z 
			 || test ! -s conftest.err
configure:4248: $? = 0
configure:4251: test -s conftest.o
configure:4254: $? = 0
configure:4265: result: yes
configure:4219: checking for stdlib.h
configure:4235: arm-rockchip830-linux-uclibcgnueabihf-gcc -c -D_LARGEFILE_SOURCE -D_LARGEFILE64_SOURCE -D_FILE_OFFSET_BITS=64 -march=armv7-a -mfpu=neon -mfloat-abi=hard -D_LARGEFILE_SOURCE -D_LARGEFILE64_SOURCE -D_FILE_OFFSET_BITS=64 -Wl,-rpath-link,/home/indream/Projects/RV1106_EXAMPLES/src/out/lib:/home/indream/Projects/RV1106_EXAMPLES/src/out/root/usr/lib -march=armv7-a -mfpu=neon -mfloat-abi=hard -D_LARGEFILE_SOURCE -D_LARGEFILE64_SOURCE -D_FILE_OFFSET_BITS=64 -Wl,-rpath-link,/home/indream/Projects/RV1106_EXAMPLES/src/out/lib:/home/indream/Projects/RV1106_EXAMPLES/src/out/root/usr/lib -march=armv7-a -mfpu=neon -mfloat-abi=hard -D_LARGEFILE_SOURCE -D_LARGEFILE64_SOURCE -D_FILE_OFFSET_BITS=64 -march=armv7-a -mfpu=neon -mfloat-abi=hard -Os -fPIC -fgnu89-inline  conftest.c >&5
configure:4241: $? = 0
configure:4245: test -z 
			 || test ! -s conftest.err
configure:4248: $? = 0
configure:4251: test -s conftest.o
configure:4254: $? = 0
configure:4265: result: yes
configure:4219: checking for string.h
configure:4235: arm-rockchip830-linux-uclibcgnueabihf-gcc -c -D_LARGEFILE_SOURCE -D_LARGEFILE64_SOURCE -D_FILE_OFFSET_BITS=64 -march=armv7-a -mfpu=neon -mfloat-abi=hard -D_LARGEFILE_SOURCE -D_LARGEFILE64_SOURCE -D_FILE_OFFSET_BITS=64 -Wl,-rpath-link,/home/indream/Projects/RV1106_EXAMPLES/src/out/lib:/home/indream/Projects/RV1106_EXAMPLES/src/out/root/usr/lib -march=armv7-a -mfpu=neon -mfloat-abi=hard -D_LARGEFILE_SOURCE -D_LARGEFILE64_SOURCE -D_FILE_OFFSET_BITS=64 -Wl,-rpath-link,/home/indream/Projects/RV1106_EXAMPLES/src/out/lib:/home/indream/Projects/RV1106_EXAMPLES/src/out/root/usr/lib -march=armv7-a -mfpu=neon -mfloat-abi=hard -D_LARGEFILE_SOURCE -D_LARGEFILE64_SOURCE -D_FILE_OFFSET_BITS=64 -march=armv7-a -mfpu=neon -mfloat-abi=hard -Os -fPIC -fgnu89-inline  conftest.c >&5
configure:4241: $? = 0
configure:4245: test -z 
			 || test ! -s conftest.err
configure:4248: $? = 0
configure:4251: test -s conftest.o
configure:4254: $? = 0
configure:4265: result: yes
configure:4219: checking for memory.h
configure:4235: arm-rockchip830-linux-uclibcgnueabihf-gcc -c -D_LARGEFILE_SOURCE -D_LARGEFILE64_SOURCE -D_FILE_OFFSET_BITS=64 -march=armv7-a -mfpu=neon -mfloat-abi=hard -D_LARGEFILE_SOURCE -D_LARGEFILE64_SOURCE -D_FILE_OFFSET_BITS=64 -Wl,-rpath-link,/home/indream/Projects/RV1106_EXAMPLES/src/out/lib:/home/indream/Projects/RV1106_EXAMPLES/src/out/root/usr/lib -march=armv7-a -mfpu=neon -mfloat-abi=hard -D_LARGEFILE_SOURCE -D_LARGEFILE64_SOURCE -D_FILE_OFFSET_BITS=64 -Wl,-rpath-link,/home/indream/Projects/RV1106_EXAMPLES/src/out/lib:/home/indream/Projects/RV1106_EXAMPLES/src/out/root/usr/lib -march=armv7-a -mfpu=neon -mfloat-abi=hard -D_LARGEFILE_SOURCE -D_LARGEFILE64_SOURCE -D_FILE_OFFSET_BITS=64 -march=armv7-a -mfpu=neon -mfloat-abi=hard -Os -fPIC -fgnu89-inline  conftest.c >&5
configure:4241: $? = 0
configure:4245: test -z 
			 || test ! -s conftest.err
configure:4248: $? = 0
configure:4251: test -s conftest.o
configure:4254: $? = 0
configure:4265: result: yes
configure:4219: checking for strings.h
configure:4235: arm-rockchip830-linux-uclibcgnueabihf-gcc -c -D_LARGEFILE_SOURCE -D_LARGEFILE64_SOURCE -D_FILE_OFFSET_BITS=64 -march=armv7-a -mfpu=neon -mfloat-abi=hard -D_LARGEFILE_SOURCE -D_LARGEFILE64_SOURCE -D_FILE_OFFSET_BITS=64 -Wl,-rpath-link,/home/indream/Projects/RV1106_EXAMPLES/src/out/lib:/home/indream/Projects/RV1106_EXAMPLES/src/out/root/usr/lib -march=armv7-a -mfpu=neon -mfloat-abi=hard -D_LARGEFILE_SOURCE -D_LARGEFILE64_SOURCE -D_FILE_OFFSET_BITS=64 -Wl,-rpath-link,/home/indream/Projects/RV1106_EXAMPLES/src/out/lib:/home/indream/Projects/RV1106_EXAMPLES/src/out/root/usr/lib -march=armv7-a -mfpu=neon -mfloat-abi=hard -D_LARGEFILE_SOURCE -D_LARGEFILE64_SOURCE -D_FILE_OFFSET_BITS=64 -march=armv7-a -mfpu=neon -mfloat-abi=hard -Os -fPIC -fgnu89-inline  conftest.c >&5
configure:4241: $? = 0
configure:4245: test -z 
			 || test ! -s conftest.err
configure:4248: $? = 0
configure:4251: test -s conftest.o
configure:4254: $? = 0
configure:4265: result: yes
configure:4219: checking for inttypes.h
configure:4235: arm-rockchip830-linux-uclibcgnueabihf-gcc -c -D_LARGEFILE_SOURCE -D_LARGEFILE64_SOURCE -D_FILE_OFFSET_BITS=64 -march=armv7-a -mfpu=neon -mfloat-abi=hard -D_LARGEFILE_SOURCE -D_LARGEFILE64_SOURCE -D_FILE_OFFSET_BITS=64 -Wl,-rpath-link,/home/indream/Projects/RV1106_EXAMPLES/src/out/lib:/home/indream/Projects/RV1106_EXAMPLES/src/out/root/usr/lib -march=armv7-a -mfpu=neon -mfloat-abi=hard -D_LARGEFILE_SOURCE -D_LARGEFILE64_SOURCE -D_FILE_OFFSET_BITS=64 -Wl,-rpath-link,/home/indream/Projects/RV1106_EXAMPLES/src/out/lib:/home/indream/Projects/RV1106_EXAMPLES/src/out/root/usr/lib -march=armv7-a -mfpu=neon -mfloat-abi=hard -D_LARGEFILE_SOURCE -D_LARGEFILE64_SOURCE -D_FILE_OFFSET_BITS=64 -march=armv7-a -mfpu=neon -mfloat-abi=hard -Os -fPIC -fgnu89-inline  conftest.c >&5
configure:4241: $? = 0
configure:4245: test -z 
			 || test ! -s conftest.err
configure:4248: $? = 0
configure:4251: test -s conftest.o
configure:4254: $? = 0
configure:4265: result: yes
configure:4219: checking for stdint.h
configure:4235: arm-rockchip830-linux-uclibcgnueabihf-gcc -c -D_LARGEFILE_SOURCE -D_LARGEFILE64_SOURCE -D_FILE_OFFSET_BITS=64 -march=armv7-a -mfpu=neon -mfloat-abi=hard -D_LARGEFILE_SOURCE -D_LARGEFILE64_SOURCE -D_FILE_OFFSET_BITS=64 -Wl,-rpath-link,/home/indream/Projects/RV1106_EXAMPLES/src/out/lib:/home/indream/Projects/RV1106_EXAMPLES/src/out/root/usr/lib -march=armv7-a -mfpu=neon -mfloat-abi=hard -D_LARGEFILE_SOURCE -D_LARGEFILE64_SOURCE -D_FILE_OFFSET_BITS=64 -Wl,-rpath-link,/home/indream/Projects/RV1106_EXAMPLES/src/out/lib:/home/indream/Projects/RV1106_EXAMPLES/src/out/root/usr/lib -march=armv7-a -mfpu=neon -mfloat-abi=hard -D_LARGEFILE_SOURCE -D_LARGEFILE64_SOURCE -D_FILE_OFFSET_BITS=64 -march=armv7-a -mfpu=neon -mfloat-abi=hard -Os -fPIC -fgnu89-inline  conftest.c >&5
configure:4241: $? = 0
configure:4245: test -z 
			 || test ! -s conftest.err
configure:4248: $? = 0
configure:4251: test -s conftest.o
configure:4254: $? = 0
configure:4265: result: yes
configure:4219: checking for unistd.h
configure:4235: arm-rockchip830-linux-uclibcgnueabihf-gcc -c -D_LARGEFILE_SOURCE -D_LARGEFILE64_SOURCE -D_FILE_OFFSET_BITS=64 -march=armv7-a -mfpu=neon -mfloat-abi=hard -D_LARGEFILE_SOURCE -D_LARGEFILE64_SOURCE -D_FILE_OFFSET_BITS=64 -Wl,-rpath-link,/home/indream/Projects/RV1106_EXAMPLES/src/out/lib:/home/indream/Projects/RV1106_EXAMPLES/src/out/root/usr/lib -march=armv7-a -mfpu=neon -mfloat-abi=hard -D_LARGEFILE_SOURCE -D_LARGEFILE64_SOURCE -D_FILE_OFFSET_BITS=64 -Wl,-rpath-link,/home/indream/Projects/RV1106_EXAMPLES/src/out/lib:/home/indream/Projects/RV1106_EXAMPLES/src/out/root/usr/lib -march=armv7-a -mfpu=neon -mfloat-abi=hard -D_LARGEFILE_SOURCE -D_LARGEFILE64_SOURCE -D_FILE_OFFSET_BITS=64 -march=armv7-a -mfpu=neon -mfloat-abi=hard -Os -fPIC -fgnu89-inline  conftest.c >&5
configure:4241: $? = 0
configure:4245: test -z 
			 || test ! -s conftest.err
configure:4248: $? = 0
configure:4251: test -s conftest.o
configure:4254: $? = 0
configure:4265: result: yes
configure:4293: checking limits.h usability
configure:4305: arm-rockchip830-linux-uclibcgnueabihf-gcc -c -D_LARGEFILE_SOURCE -D_LARGEFILE64_SOURCE -D_FILE_OFFSET_BITS=64 -march=armv7-a -mfpu=neon -mfloat-abi=hard -D_LARGEFILE_SOURCE -D_LARGEFILE64_SOURCE -D_FILE_OFFSET_BITS=64 -Wl,-rpath-link,/home/indream/Projects/RV1106_EXAMPLES/src/out/lib:/home/indream/Projects/RV1106_EXAMPLES/src/out/root/usr/lib -march=armv7-a -mfpu=neon -mfloat-abi=hard -D_LARGEFILE_SOURCE -D_LARGEFILE64_SOURCE -D_FILE_OFFSET_BITS=64 -Wl,-rpath-link,/home/indream/Projects/RV1106_EXAMPLES/src/out/lib:/home/indream/Projects/RV1106_EXAMPLES/src/out/root/usr/lib -march=armv7-a -mfpu=neon -mfloat-abi=hard -D_LARGEFILE_SOURCE -D_LARGEFILE64_SOURCE -D_FILE_OFFSET_BITS=64 -march=armv7-a -mfpu=neon -mfloat-abi=hard -Os -fPIC -fgnu89-inline  conftest.c >&5
configure:4311: $? = 0
configure:4315: test -z 
			 || test ! -s conftest.err
configure:4318: $? = 0
configure:4321: test -s conftest.o
configure:4324: $? = 0
configure:4334: result: yes
configure:4338: checking limits.h presence
configure:4348: arm-rockchip830-linux-uclibcgnueabihf-gcc -E  conftest.c
configure:4354: $? = 0
configure:4374: result: yes
configure:4409: checking for limits.h
configure:4416: result: yes
configure:4293: checking malloc.h usability
configure:4305: arm-rockchip830-linux-uclibcgnueabihf-gcc -c -D_LARGEFILE_SOURCE -D_LARGEFILE64_SOURCE -D_FILE_OFFSET_BITS=64 -march=armv7-a -mfpu=neon -mfloat-abi=hard -D_LARGEFILE_SOURCE -D_LARGEFILE64_SOURCE -D_FILE_OFFSET_BITS=64 -Wl,-rpath-link,/home/indream/Projects/RV1106_EXAMPLES/src/out/lib:/home/indream/Projects/RV1106_EXAMPLES/src/out/root/usr/lib -march=armv7-a -mfpu=neon -mfloat-abi=hard -D_LARGEFILE_SOURCE -D_LARGEFILE64_SOURCE -D_FILE_OFFSET_BITS=64 -Wl,-rpath-link,/home/indream/Projects/RV1106_EXAMPLES/src/out/lib:/home/indream/Projects/RV1106_EXAMPLES/src/out/root/usr/lib -march=armv7-a -mfpu=neon -mfloat-abi=hard -D_LARGEFILE_SOURCE -D_LARGEFILE64_SOURCE -D_FILE_OFFSET_BITS=64 -march=armv7-a -mfpu=neon -mfloat-abi=hard -Os -fPIC -fgnu89-inline  conftest.c >&5
configure:4311: $? = 0
configure:4315: test -z 
			 || test ! -s conftest.err
configure:4318: $? = 0
configure:4321: test -s conftest.o
configure:4324: $? = 0
configure:4334: result: yes
configure:4338: checking malloc.h presence
configure:4348: arm-rockchip830-linux-uclibcgnueabihf-gcc -E  conftest.c
configure:4354: $? = 0
configure:4374: result: yes
configure:4409: checking for malloc.h
configure:4416: result: yes
configure:4284: checking for unistd.h
configure:4289: result: yes
configure:4431: checking for an ANSI C-conforming const
configure:4498: arm-rockchip830-linux-uclibcgnueabihf-gcc -c -D_LARGEFILE_SOURCE -D_LARGEFILE64_SOURCE -D_FILE_OFFSET_BITS=64 -march=armv7-a -mfpu=neon -mfloat-abi=hard -D_LARGEFILE_SOURCE -D_LARGEFILE64_SOURCE -D_FILE_OFFSET_BITS=64 -Wl,-rpath-link,/home/indream/Projects/RV1106_EXAMPLES/src/out/lib:/home/indream/Projects/RV1106_EXAMPLES/src/out/root/usr/lib -march=armv7-a -mfpu=neon -mfloat-abi=hard -D_LARGEFILE_SOURCE -D_LARGEFILE64_SOURCE -D_FILE_OFFSET_BITS=64 -Wl,-rpath-link,/home/indream/Projects/RV1106_EXAMPLES/src/out/lib:/home/indream/Projects/RV1106_EXAMPLES/src/out/root/usr/lib -march=armv7-a -mfpu=neon -mfloat-abi=hard -D_LARGEFILE_SOURCE -D_LARGEFILE64_SOURCE -D_FILE_OFFSET_BITS=64 -march=armv7-a -mfpu=neon -mfloat-abi=hard -Os -fPIC -fgnu89-inline  conftest.c >&5
configure:4504: $? = 0
configure:4508: test -z 
			 || test ! -s conftest.err
configure:4511: $? = 0
configure:4514: test -s conftest.o
configure:4517: $? = 0
configure:4528: result: yes
configure:4538: checking for inline
configure:4559: arm-rockchip830-linux-uclibcgnueabihf-gcc -c -D_LARGEFILE_SOURCE -D_LARGEFILE64_SOURCE -D_FILE_OFFSET_BITS=64 -march=armv7-a -mfpu=neon -mfloat-abi=hard -D_LARGEFILE_SOURCE -D_LARGEFILE64_SOURCE -D_FILE_OFFSET_BITS=64 -Wl,-rpath-link,/home/indream/Projects/RV1106_EXAMPLES/src/out/lib:/home/indream/Projects/RV1106_EXAMPLES/src/out/root/usr/lib -march=armv7-a -mfpu=neon -mfloat-abi=hard -D_LARGEFILE_SOURCE -D_LARGEFILE64_SOURCE -D_FILE_OFFSET_BITS=64 -Wl,-rpath-link,/home/indream/Projects/RV1106_EXAMPLES/src/out/lib:/home/indream/Projects/RV1106_EXAMPLES/src/out/root/usr/lib -march=armv7-a -mfpu=neon -mfloat-abi=hard -D_LARGEFILE_SOURCE -D_LARGEFILE64_SOURCE -D_FILE_OFFSET_BITS=64 -march=armv7-a -mfpu=neon -mfloat-abi=hard -Os -fPIC -fgnu89-inline  conftest.c >&5
configure:4565: $? = 0
configure:4569: test -z 
			 || test ! -s conftest.err
configure:4572: $? = 0
configure:4575: test -s conftest.o
configure:4578: $? = 0
configure:4590: result: inline
configure:4609: checking for size_t
configure:4633: arm-rockchip830-linux-uclibcgnueabihf-gcc -c -D_LARGEFILE_SOURCE -D_LARGEFILE64_SOURCE -D_FILE_OFFSET_BITS=64 -march=armv7-a -mfpu=neon -mfloat-abi=hard -D_LARGEFILE_SOURCE -D_LARGEFILE64_SOURCE -D_FILE_OFFSET_BITS=64 -Wl,-rpath-link,/home/indream/Projects/RV1106_EXAMPLES/src/out/lib:/home/indream/Projects/RV1106_EXAMPLES/src/out/root/usr/lib -march=armv7-a -mfpu=neon -mfloat-abi=hard -D_LARGEFILE_SOURCE -D_LARGEFILE64_SOURCE -D_FILE_OFFSET_BITS=64 -Wl,-rpath-link,/home/indream/Projects/RV1106_EXAMPLES/src/out/lib:/home/indream/Projects/RV1106_EXAMPLES/src/out/root/usr/lib -march=armv7-a -mfpu=neon -mfloat-abi=hard -D_LARGEFILE_SOURCE -D_LARGEFILE64_SOURCE -D_FILE_OFFSET_BITS=64 -march=armv7-a -mfpu=neon -mfloat-abi=hard -Os -fPIC -fgnu89-inline  conftest.c >&5
configure:4639: $? = 0
configure:4643: test -z 
			 || test ! -s conftest.err
configure:4646: $? = 0
configure:4649: test -s conftest.o
configure:4652: $? = 0
configure:4663: result: yes
configure:4676: checking for __attribute__
configure:4707: arm-rockchip830-linux-uclibcgnueabihf-gcc -c -D_LARGEFILE_SOURCE -D_LARGEFILE64_SOURCE -D_FILE_OFFSET_BITS=64 -march=armv7-a -mfpu=neon -mfloat-abi=hard -D_LARGEFILE_SOURCE -D_LARGEFILE64_SOURCE -D_FILE_OFFSET_BITS=64 -Wl,-rpath-link,/home/indream/Projects/RV1106_EXAMPLES/src/out/lib:/home/indream/Projects/RV1106_EXAMPLES/src/out/root/usr/lib -march=armv7-a -mfpu=neon -mfloat-abi=hard -D_LARGEFILE_SOURCE -D_LARGEFILE64_SOURCE -D_FILE_OFFSET_BITS=64 -Wl,-rpath-link,/home/indream/Projects/RV1106_EXAMPLES/src/out/lib:/home/indream/Projects/RV1106_EXAMPLES/src/out/root/usr/lib -march=armv7-a -mfpu=neon -mfloat-abi=hard -D_LARGEFILE_SOURCE -D_LARGEFILE64_SOURCE -D_FILE_OFFSET_BITS=64 -march=armv7-a -mfpu=neon -mfloat-abi=hard -Os -fPIC -fgnu89-inline  conftest.c >&5
conftest.c: In function 'main':
conftest.c:32:13: error: invalid storage class for function 'foo'
 static void foo(void) __attribute__ ((noreturn));
             ^~~
conftest.c:35:1: error: invalid storage class for function 'foo'
 foo(void)
 ^~~
configure:4713: $? = 1
configure: failed program was:
| /* confdefs.h.  */
| 
| #define PACKAGE_NAME ""
| #define PACKAGE_TARNAME ""
| #define PACKAGE_VERSION ""
| #define PACKAGE_STRING ""
| #define PACKAGE_BUGREPORT ""
| #define PACKAGE "argp"
| #define VERSION "standalone-1.3"
| #define _GNU_SOURCE 1
| #define STDC_HEADERS 1
| #define HAVE_SYS_TYPES_H 1
| #define HAVE_SYS_STAT_H 1
| #define HAVE_STDLIB_H 1
| #define HAVE_STRING_H 1
| #define HAVE_MEMORY_H 1
| #define HAVE_STRINGS_H 1
| #define HAVE_INTTYPES_H 1
| #define HAVE_STDINT_H 1
| #define HAVE_UNISTD_H 1
| #define HAVE_LIMITS_H 1
| #define HAVE_MALLOC_H 1
| #define HAVE_UNISTD_H 1
| /* end confdefs.h.  */
| 
| #include <stdlib.h>
| 
| int
| main ()
| {
| 
| static void foo(void) __attribute__ ((noreturn));
| 
| static void __attribute__ ((noreturn))
| foo(void)
| {
|   exit(1);
| }
| 
|   ;
|   return 0;
| }
configure:4737: result: no
configure:4755: checking for working alloca.h
configure:4776: arm-rockchip830-linux-uclibcgnueabihf-gcc -o conftest -D_LARGEFILE_SOURCE -D_LARGEFILE64_SOURCE -D_FILE_OFFSET_BITS=64 -march=armv7-a -mfpu=neon -mfloat-abi=hard -D_LARGEFILE_SOURCE -D_LARGEFILE64_SOURCE -D_FILE_OFFSET_BITS=64 -Wl,-rpath-link,/home/indream/Projects/RV1106_EXAMPLES/src/out/lib:/home/indream/Projects/RV1106_EXAMPLES/src/out/root/usr/lib -march=armv7-a -mfpu=neon -mfloat-abi=hard -D_LARGEFILE_SOURCE -D_LARGEFILE64_SOURCE -D_FILE_OFFSET_BITS=64 -Wl,-rpath-link,/home/indream/Projects/RV1106_EXAMPLES/src/out/lib:/home/indream/Projects/RV1106_EXAMPLES/src/out/root/usr/lib -march=armv7-a -mfpu=neon -mfloat-abi=hard -D_LARGEFILE_SOURCE -D_LARGEFILE64_SOURCE -D_FILE_OFFSET_BITS=64 -march=armv7-a -mfpu=neon -mfloat-abi=hard -Os -fPIC -fgnu89-inline   conftest.c  >&5
configure:4782: $? = 0
configure:4786: test -z 
			 || test ! -s conftest.err
configure:4789: $? = 0
configure:4792: test -s conftest
configure:4795: $? = 0
configure:4807: result: yes
configure:4817: checking for alloca
configure:4858: arm-rockchip830-linux-uclibcgnueabihf-gcc -o conftest -D_LARGEFILE_SOURCE -D_LARGEFILE64_SOURCE -D_FILE_OFFSET_BITS=64 -march=armv7-a -mfpu=neon -mfloat-abi=hard -D_LARGEFILE_SOURCE -D_LARGEFILE64_SOURCE -D_FILE_OFFSET_BITS=64 -Wl,-rpath-link,/home/indream/Projects/RV1106_EXAMPLES/src/out/lib:/home/indream/Projects/RV1106_EXAMPLES/src/out/root/usr/lib -march=armv7-a -mfpu=neon -mfloat-abi=hard -D_LARGEFILE_SOURCE -D_LARGEFILE64_SOURCE -D_FILE_OFFSET_BITS=64 -Wl,-rpath-link,/home/indream/Projects/RV1106_EXAMPLES/src/out/lib:/home/indream/Projects/RV1106_EXAMPLES/src/out/root/usr/lib -march=armv7-a -mfpu=neon -mfloat-abi=hard -D_LARGEFILE_SOURCE -D_LARGEFILE64_SOURCE -D_FILE_OFFSET_BITS=64 -march=armv7-a -mfpu=neon -mfloat-abi=hard -Os -fPIC -fgnu89-inline   conftest.c  >&5
configure:4864: $? = 0
configure:4868: test -z 
			 || test ! -s conftest.err
configure:4871: $? = 0
configure:4874: test -s conftest
configure:4877: $? = 0
configure:4889: result: yes
configure:5116: checking for vprintf
configure:5173: arm-rockchip830-linux-uclibcgnueabihf-gcc -o conftest -D_LARGEFILE_SOURCE -D_LARGEFILE64_SOURCE -D_FILE_OFFSET_BITS=64 -march=armv7-a -mfpu=neon -mfloat-abi=hard -D_LARGEFILE_SOURCE -D_LARGEFILE64_SOURCE -D_FILE_OFFSET_BITS=64 -Wl,-rpath-link,/home/indream/Projects/RV1106_EXAMPLES/src/out/lib:/home/indream/Projects/RV1106_EXAMPLES/src/out/root/usr/lib -march=armv7-a -mfpu=neon -mfloat-abi=hard -D_LARGEFILE_SOURCE -D_LARGEFILE64_SOURCE -D_FILE_OFFSET_BITS=64 -Wl,-rpath-link,/home/indream/Projects/RV1106_EXAMPLES/src/out/lib:/home/indream/Projects/RV1106_EXAMPLES/src/out/root/usr/lib -march=armv7-a -mfpu=neon -mfloat-abi=hard -D_LARGEFILE_SOURCE -D_LARGEFILE64_SOURCE -D_FILE_OFFSET_BITS=64 -march=armv7-a -mfpu=neon -mfloat-abi=hard -Os -fPIC -fgnu89-inline   conftest.c  >&5
conftest.c:51:6: warning: conflicting types for built-in function 'vprintf' [-Wbuiltin-declaration-mismatch]
 char vprintf ();
      ^~~~~~~
configure:5179: $? = 0
configure:5183: test -z 
			 || test ! -s conftest.err
configure:5186: $? = 0
configure:5189: test -s conftest
configure:5192: $? = 0
configure:5204: result: yes
configure:5211: checking for _doprnt
configure:5268: arm-rockchip830-linux-uclibcgnueabihf-gcc -o conftest -D_LARGEFILE_SOURCE -D_LARGEFILE64_SOURCE -D_FILE_OFFSET_BITS=64 -march=armv7-a -mfpu=neon -mfloat-abi=hard -D_LARGEFILE_SOURCE -D_LARGEFILE64_SOURCE -D_FILE_OFFSET_BITS=64 -Wl,-rpath-link,/home/indream/Projects/RV1106_EXAMPLES/src/out/lib:/home/indream/Projects/RV1106_EXAMPLES/src/out/root/usr/lib -march=armv7-a -mfpu=neon -mfloat-abi=hard -D_LARGEFILE_SOURCE -D_LARGEFILE64_SOURCE -D_FILE_OFFSET_BITS=64 -Wl,-rpath-link,/home/indream/Projects/RV1106_EXAMPLES/src/out/lib:/home/indream/Projects/RV1106_EXAMPLES/src/out/root/usr/lib -march=armv7-a -mfpu=neon -mfloat-abi=hard -D_LARGEFILE_SOURCE -D_LARGEFILE64_SOURCE -D_FILE_OFFSET_BITS=64 -march=armv7-a -mfpu=neon -mfloat-abi=hard -Os -fPIC -fgnu89-inline   conftest.c  >&5
/home/indream/Projects/luckfox-pico/tools/linux/toolchain/arm-rockchip830-linux-uclibcgnueabihf/bin/../lib/gcc/arm-rockchip830-linux-uclibcgnueabihf/8.3.0/../../../../arm-rockchip830-linux-uclibcgnueabihf/bin/ld.bfd: /tmp/cc3F47LP.o: in function `main':
conftest.c:(.text.startup+0x30): undefined reference to `_doprnt'
/home/indream/Projects/luckfox-pico/tools/linux/toolchain/arm-rockchip830-linux-uclibcgnueabihf/bin/../lib/gcc/arm-rockchip830-linux-uclibcgnueabihf/8.3.0/../../../../arm-rockchip830-linux-uclibcgnueabihf/bin/ld.bfd: /tmp/cc3F47LP.o:(.data.rel+0x0): undefined reference to `_doprnt'
collect2: error: ld returned 1 exit status
configure:5274: $? = 1
configure: failed program was:
| /* confdefs.h.  */
| 
| #define PACKAGE_NAME ""
| #define PACKAGE_TARNAME ""
| #define PACKAGE_VERSION ""
| #define PACKAGE_STRING ""
| #define PACKAGE_BUGREPORT ""
| #define PACKAGE "argp"
| #define VERSION "standalone-1.3"
| #define _GNU_SOURCE 1
| #define STDC_HEADERS 1
| #define HAVE_SYS_TYPES_H 1
| #define HAVE_SYS_STAT_H 1
| #define HAVE_STDLIB_H 1
| #define HAVE_STRING_H 1
| #define HAVE_MEMORY_H 1
| #define HAVE_STRINGS_H 1
| #define HAVE_INTTYPES_H 1
| #define HAVE_STDINT_H 1
| #define HAVE_UNISTD_H 1
| #define HAVE_LIMITS_H 1
| #define HAVE_MALLOC_H 1
| #define HAVE_UNISTD_H 1
| #define HAVE_ALLOCA_H 1
| #define HAVE_ALLOCA 1
| #define HAVE_VPRINTF 1
| /* end confdefs.h.  */
| /* Define _doprnt to an innocuous variant, in case <limits.h> declares _doprnt.
|    For example, HP-UX 11i <limits.h> declares gettimeofday.  */
| #define _doprnt innocuous__doprnt
| 
| /* System header to define __stub macros and hopefully few prototypes,
|     which can conflict with char _doprnt (); below.
|     Prefer <limits.h> to <assert.h> if __STDC__ is defined, since
|     <limits.h> exists even on freestanding compilers.  */
| 
| #ifdef __STDC__
| # include <limits.h>
| #else
| # include <assert.h>
| #endif
| 
| #undef _doprnt
| 
| /* Override any gcc2 internal prototype to avoid an error.  */
| #ifdef __cplusplus
| extern "C"
| {
| #endif
| /* We use char because int might match the return type of a gcc2
|    builtin and then its argument prototype would still apply.  */
| char _doprnt ();
| /* The GNU C library defines this for functions which it implements
|     to always fail with ENOSYS.  Some functions are actually named
|     something starting with __ and the normal name is an alias.  */
| #if defined (__stub__doprnt) || defined (__stub____doprnt)
| choke me
| #else
| char (*f) () = _doprnt;
| #endif
| #ifdef __cplusplus
| }
| #endif
| 
| int
| main ()
| {
| return f != _doprnt;
|   ;
|   return 0;
| }
configure:5299: result: no
configure:5317: checking for strerror
configure:5374: arm-rockchip830-linux-uclibcgnueabihf-gcc -o conftest -D_LARGEFILE_SOURCE -D_LARGEFILE64_SOURCE -D_FILE_OFFSET_BITS=64 -march=armv7-a -mfpu=neon -mfloat-abi=hard -D_LARGEFILE_SOURCE -D_LARGEFILE64_SOURCE -D_FILE_OFFSET_BITS=64 -Wl,-rpath-link,/home/indream/Projects/RV1106_EXAMPLES/src/out/lib:/home/indream/Projects/RV1106_EXAMPLES/src/out/root/usr/lib -march=armv7-a -mfpu=neon -mfloat-abi=hard -D_LARGEFILE_SOURCE -D_LARGEFILE64_SOURCE -D_FILE_OFFSET_BITS=64 -Wl,-rpath-link,/home/indream/Projects/RV1106_EXAMPLES/src/out/lib:/home/indream/Projects/RV1106_EXAMPLES/src/out/root/usr/lib -march=armv7-a -mfpu=neon -mfloat-abi=hard -D_LARGEFILE_SOURCE -D_LARGEFILE64_SOURCE -D_FILE_OFFSET_BITS=64 -march=armv7-a -mfpu=neon -mfloat-abi=hard -Os -fPIC -fgnu89-inline   conftest.c  >&5
configure:5380: $? = 0
configure:5384: test -z 
			 || test ! -s conftest.err
configure:5387: $? = 0
configure:5390: test -s conftest
configure:5393: $? = 0
configure:5405: result: yes
configure:5422: checking for mempcpy
configure:5479: arm-rockchip830-linux-uclibcgnueabihf-gcc -o conftest -D_LARGEFILE_SOURCE -D_LARGEFILE64_SOURCE -D_FILE_OFFSET_BITS=64 -march=armv7-a -mfpu=neon -mfloat-abi=hard -D_LARGEFILE_SOURCE -D_LARGEFILE64_SOURCE -D_FILE_OFFSET_BITS=64 -Wl,-rpath-link,/home/indream/Projects/RV1106_EXAMPLES/src/out/lib:/home/indream/Projects/RV1106_EXAMPLES/src/out/root/usr/lib -march=armv7-a -mfpu=neon -mfloat-abi=hard -D_LARGEFILE_SOURCE -D_LARGEFILE64_SOURCE -D_FILE_OFFSET_BITS=64 -Wl,-rpath-link,/home/indream/Projects/RV1106_EXAMPLES/src/out/lib:/home/indream/Projects/RV1106_EXAMPLES/src/out/root/usr/lib -march=armv7-a -mfpu=neon -mfloat-abi=hard -D_LARGEFILE_SOURCE -D_LARGEFILE64_SOURCE -D_FILE_OFFSET_BITS=64 -march=armv7-a -mfpu=neon -mfloat-abi=hard -Os -fPIC -fgnu89-inline   conftest.c  >&5
conftest.c:53:6: warning: conflicting types for built-in function 'mempcpy' [-Wbuiltin-declaration-mismatch]
 char mempcpy ();
      ^~~~~~~
configure:5485: $? = 0
configure:5489: test -z 
			 || test ! -s conftest.err
configure:5492: $? = 0
configure:5495: test -s conftest
configure:5498: $? = 0
configure:5510: result: yes
configure:5422: checking for strndup
configure:5479: arm-rockchip830-linux-uclibcgnueabihf-gcc -o conftest -D_LARGEFILE_SOURCE -D_LARGEFILE64_SOURCE -D_FILE_OFFSET_BITS=64 -march=armv7-a -mfpu=neon -mfloat-abi=hard -D_LARGEFILE_SOURCE -D_LARGEFILE64_SOURCE -D_FILE_OFFSET_BITS=64 -Wl,-rpath-link,/home/indream/Projects/RV1106_EXAMPLES/src/out/lib:/home/indream/Projects/RV1106_EXAMPLES/src/out/root/usr/lib -march=armv7-a -mfpu=neon -mfloat-abi=hard -D_LARGEFILE_SOURCE -D_LARGEFILE64_SOURCE -D_FILE_OFFSET_BITS=64 -Wl,-rpath-link,/home/indream/Projects/RV1106_EXAMPLES/src/out/lib:/home/indream/Projects/RV1106_EXAMPLES/src/out/root/usr/lib -march=armv7-a -mfpu=neon -mfloat-abi=hard -D_LARGEFILE_SOURCE -D_LARGEFILE64_SOURCE -D_FILE_OFFSET_BITS=64 -march=armv7-a -mfpu=neon -mfloat-abi=hard -Os -fPIC -fgnu89-inline   conftest.c  >&5
conftest.c:54:6: warning: conflicting types for built-in function 'strndup' [-Wbuiltin-declaration-mismatch]
 char strndup ();
      ^~~~~~~
configure:5485: $? = 0
configure:5489: test -z 
			 || test ! -s conftest.err
configure:5492: $? = 0
configure:5495: test -s conftest
configure:5498: $? = 0
configure:5510: result: yes
configure:5422: checking for strchrnul
configure:5479: arm-rockchip830-linux-uclibcgnueabihf-gcc -o conftest -D_LARGEFILE_SOURCE -D_LARGEFILE64_SOURCE -D_FILE_OFFSET_BITS=64 -march=armv7-a -mfpu=neon -mfloat-abi=hard -D_LARGEFILE_SOURCE -D_LARGEFILE64_SOURCE -D_FILE_OFFSET_BITS=64 -Wl,-rpath-link,/home/indream/Projects/RV1106_EXAMPLES/src/out/lib:/home/indream/Projects/RV1106_EXAMPLES/src/out/root/usr/lib -march=armv7-a -mfpu=neon -mfloat-abi=hard -D_LARGEFILE_SOURCE -D_LARGEFILE64_SOURCE -D_FILE_OFFSET_BITS=64 -Wl,-rpath-link,/home/indream/Projects/RV1106_EXAMPLES/src/out/lib:/home/indream/Projects/RV1106_EXAMPLES/src/out/root/usr/lib -march=armv7-a -mfpu=neon -mfloat-abi=hard -D_LARGEFILE_SOURCE -D_LARGEFILE64_SOURCE -D_FILE_OFFSET_BITS=64 -march=armv7-a -mfpu=neon -mfloat-abi=hard -Os -fPIC -fgnu89-inline   conftest.c  >&5
configure:5485: $? = 0
configure:5489: test -z 
			 || test ! -s conftest.err
configure:5492: $? = 0
configure:5495: test -s conftest
configure:5498: $? = 0
configure:5510: result: yes
configure:5539: checking for putc_unlocked('x', stdout)
configure:5560: arm-rockchip830-linux-uclibcgnueabihf-gcc -o conftest -D_LARGEFILE_SOURCE -D_LARGEFILE64_SOURCE -D_FILE_OFFSET_BITS=64 -march=armv7-a -mfpu=neon -mfloat-abi=hard -D_LARGEFILE_SOURCE -D_LARGEFILE64_SOURCE -D_FILE_OFFSET_BITS=64 -Wl,-rpath-link,/home/indream/Projects/RV1106_EXAMPLES/src/out/lib:/home/indream/Projects/RV1106_EXAMPLES/src/out/root/usr/lib -march=armv7-a -mfpu=neon -mfloat-abi=hard -D_LARGEFILE_SOURCE -D_LARGEFILE64_SOURCE -D_FILE_OFFSET_BITS=64 -Wl,-rpath-link,/home/indream/Projects/RV1106_EXAMPLES/src/out/lib:/home/indream/Projects/RV1106_EXAMPLES/src/out/root/usr/lib -march=armv7-a -mfpu=neon -mfloat-abi=hard -D_LARGEFILE_SOURCE -D_LARGEFILE64_SOURCE -D_FILE_OFFSET_BITS=64 -march=armv7-a -mfpu=neon -mfloat-abi=hard -Os -fPIC -fgnu89-inline   conftest.c  >&5
configure:5566: $? = 0
configure:5570: test -z 
			 || test ! -s conftest.err
configure:5573: $? = 0
configure:5576: test -s conftest
configure:5579: $? = 0
configure:5591: result: yes
configure:5609: checking for flockfile
configure:5666: arm-rockchip830-linux-uclibcgnueabihf-gcc -o conftest -D_LARGEFILE_SOURCE -D_LARGEFILE64_SOURCE -D_FILE_OFFSET_BITS=64 -march=armv7-a -mfpu=neon -mfloat-abi=hard -D_LARGEFILE_SOURCE -D_LARGEFILE64_SOURCE -D_FILE_OFFSET_BITS=64 -Wl,-rpath-link,/home/indream/Projects/RV1106_EXAMPLES/src/out/lib:/home/indream/Projects/RV1106_EXAMPLES/src/out/root/usr/lib -march=armv7-a -mfpu=neon -mfloat-abi=hard -D_LARGEFILE_SOURCE -D_LARGEFILE64_SOURCE -D_FILE_OFFSET_BITS=64 -Wl,-rpath-link,/home/indream/Projects/RV1106_EXAMPLES/src/out/lib:/home/indream/Projects/RV1106_EXAMPLES/src/out/root/usr/lib -march=armv7-a -mfpu=neon -mfloat-abi=hard -D_LARGEFILE_SOURCE -D_LARGEFILE64_SOURCE -D_FILE_OFFSET_BITS=64 -march=armv7-a -mfpu=neon -mfloat-abi=hard -Os -fPIC -fgnu89-inline   conftest.c  >&5
configure:5672: $? = 0
configure:5676: test -z 
			 || test ! -s conftest.err
configure:5679: $? = 0
configure:5682: test -s conftest
configure:5685: $? = 0
configure:5697: result: yes
configure:5712: checking for fputs_unlocked
configure:5769: arm-rockchip830-linux-uclibcgnueabihf-gcc -o conftest -D_LARGEFILE_SOURCE -D_LARGEFILE64_SOURCE -D_FILE_OFFSET_BITS=64 -march=armv7-a -mfpu=neon -mfloat-abi=hard -D_LARGEFILE_SOURCE -D_LARGEFILE64_SOURCE -D_FILE_OFFSET_BITS=64 -Wl,-rpath-link,/home/indream/Projects/RV1106_EXAMPLES/src/out/lib:/home/indream/Projects/RV1106_EXAMPLES/src/out/root/usr/lib -march=armv7-a -mfpu=neon -mfloat-abi=hard -D_LARGEFILE_SOURCE -D_LARGEFILE64_SOURCE -D_FILE_OFFSET_BITS=64 -Wl,-rpath-link,/home/indream/Projects/RV1106_EXAMPLES/src/out/lib:/home/indream/Projects/RV1106_EXAMPLES/src/out/root/usr/lib -march=armv7-a -mfpu=neon -mfloat-abi=hard -D_LARGEFILE_SOURCE -D_LARGEFILE64_SOURCE -D_FILE_OFFSET_BITS=64 -march=armv7-a -mfpu=neon -mfloat-abi=hard -Os -fPIC -fgnu89-inline   conftest.c  >&5
conftest.c:58:6: warning: conflicting types for built-in function 'fputs_unlocked' [-Wbuiltin-declaration-mismatch]
 char fputs_unlocked ();
      ^~~~~~~~~~~~~~
configure:5775: $? = 0
configure:5779: test -z 
			 || test ! -s conftest.err
configure:5782: $? = 0
configure:5785: test -s conftest
configure:5788: $? = 0
configure:5800: result: yes
configure:5712: checking for fwrite_unlocked
configure:5769: arm-rockchip830-linux-uclibcgnueabihf-gcc -o conftest -D_LARGEFILE_SOURCE -D_LARGEFILE64_SOURCE -D_FILE_OFFSET_BITS=64 -march=armv7-a -mfpu=neon -mfloat-abi=hard -D_LARGEFILE_SOURCE -D_LARGEFILE64_SOURCE -D_FILE_OFFSET_BITS=64 -Wl,-rpath-link,/home/indream/Projects/RV1106_EXAMPLES/src/out/lib:/home/indream/Projects/RV1106_EXAMPLES/src/out/root/usr/lib -march=armv7-a -mfpu=neon -mfloat-abi=hard -D_LARGEFILE_SOURCE -D_LARGEFILE64_SOURCE -D_FILE_OFFSET_BITS=64 -Wl,-rpath-link,/home/indream/Projects/RV1106_EXAMPLES/src/out/lib:/home/indream/Projects/RV1106_EXAMPLES/src/out/root/usr/lib -march=armv7-a -mfpu=neon -mfloat-abi=hard -D_LARGEFILE_SOURCE -D_LARGEFILE64_SOURCE -D_FILE_OFFSET_BITS=64 -march=armv7-a -mfpu=neon -mfloat-abi=hard -Os -fPIC -fgnu89-inline   conftest.c  >&5
conftest.c:59:6: warning: conflicting types for built-in function 'fwrite_unlocked' [-Wbuiltin-declaration-mismatch]
 char fwrite_unlocked ();
      ^~~~~~~~~~~~~~~
configure:5775: $? = 0
configure:5779: test -z 
			 || test ! -s conftest.err
configure:5782: $? = 0
configure:5785: test -s conftest
configure:5788: $? = 0
configure:5800: result: yes
configure:5817: checking for strdup
configure:5874: arm-rockchip830-linux-uclibcgnueabihf-gcc -o conftest -D_LARGEFILE_SOURCE -D_LARGEFILE64_SOURCE -D_FILE_OFFSET_BITS=64 -march=armv7-a -mfpu=neon -mfloat-abi=hard -D_LARGEFILE_SOURCE -D_LARGEFILE64_SOURCE -D_FILE_OFFSET_BITS=64 -Wl,-rpath-link,/home/indream/Projects/RV1106_EXAMPLES/src/out/lib:/home/indream/Projects/RV1106_EXAMPLES/src/out/root/usr/lib -march=armv7-a -mfpu=neon -mfloat-abi=hard -D_LARGEFILE_SOURCE -D_LARGEFILE64_SOURCE -D_FILE_OFFSET_BITS=64 -Wl,-rpath-link,/home/indream/Projects/RV1106_EXAMPLES/src/out/lib:/home/indream/Projects/RV1106_EXAMPLES/src/out/root/usr/lib -march=armv7-a -mfpu=neon -mfloat-abi=hard -D_LARGEFILE_SOURCE -D_LARGEFILE64_SOURCE -D_FILE_OFFSET_BITS=64 -march=armv7-a -mfpu=neon -mfloat-abi=hard -Os -fPIC -fgnu89-inline   conftest.c  >&5
conftest.c:60:6: warning: conflicting types for built-in function 'strdup' [-Wbuiltin-declaration-mismatch]
 char strdup ();
      ^~~~~~
configure:5880: $? = 0
configure:5884: test -z 
			 || test ! -s conftest.err
configure:5887: $? = 0
configure:5890: test -s conftest
configure:5893: $? = 0
configure:5905: result: yes
configure:5817: checking for asprintf
configure:5874: arm-rockchip830-linux-uclibcgnueabihf-gcc -o conftest -D_LARGEFILE_SOURCE -D_LARGEFILE64_SOURCE -D_FILE_OFFSET_BITS=64 -march=armv7-a -mfpu=neon -mfloat-abi=hard -D_LARGEFILE_SOURCE -D_LARGEFILE64_SOURCE -D_FILE_OFFSET_BITS=64 -Wl,-rpath-link,/home/indream/Projects/RV1106_EXAMPLES/src/out/lib:/home/indream/Projects/RV1106_EXAMPLES/src/out/root/usr/lib -march=armv7-a -mfpu=neon -mfloat-abi=hard -D_LARGEFILE_SOURCE -D_LARGEFILE64_SOURCE -D_FILE_OFFSET_BITS=64 -Wl,-rpath-link,/home/indream/Projects/RV1106_EXAMPLES/src/out/lib:/home/indream/Projects/RV1106_EXAMPLES/src/out/root/usr/lib -march=armv7-a -mfpu=neon -mfloat-abi=hard -D_LARGEFILE_SOURCE -D_LARGEFILE64_SOURCE -D_FILE_OFFSET_BITS=64 -march=armv7-a -mfpu=neon -mfloat-abi=hard -Os -fPIC -fgnu89-inline   conftest.c  >&5
configure:5880: $? = 0
configure:5884: test -z 
			 || test ! -s conftest.err
configure:5887: $? = 0
configure:5890: test -s conftest
configure:5893: $? = 0
configure:5905: result: yes
configure:5916: checking whether program_invocation_name is declared
configure:5941: arm-rockchip830-linux-uclibcgnueabihf-gcc -c -D_LARGEFILE_SOURCE -D_LARGEFILE64_SOURCE -D_FILE_OFFSET_BITS=64 -march=armv7-a -mfpu=neon -mfloat-abi=hard -D_LARGEFILE_SOURCE -D_LARGEFILE64_SOURCE -D_FILE_OFFSET_BITS=64 -Wl,-rpath-link,/home/indream/Projects/RV1106_EXAMPLES/src/out/lib:/home/indream/Projects/RV1106_EXAMPLES/src/out/root/usr/lib -march=armv7-a -mfpu=neon -mfloat-abi=hard -D_LARGEFILE_SOURCE -D_LARGEFILE64_SOURCE -D_FILE_OFFSET_BITS=64 -Wl,-rpath-link,/home/indream/Projects/RV1106_EXAMPLES/src/out/lib:/home/indream/Projects/RV1106_EXAMPLES/src/out/root/usr/lib -march=armv7-a -mfpu=neon -mfloat-abi=hard -D_LARGEFILE_SOURCE -D_LARGEFILE64_SOURCE -D_FILE_OFFSET_BITS=64 -march=armv7-a -mfpu=neon -mfloat-abi=hard -Os -fPIC -fgnu89-inline  conftest.c >&5
configure:5947: $? = 0
configure:5951: test -z 
			 || test ! -s conftest.err
configure:5954: $? = 0
configure:5957: test -s conftest.o
configure:5960: $? = 0
configure:5971: result: yes
configure:5987: checking whether program_invocation_short_name is declared
configure:6012: arm-rockchip830-linux-uclibcgnueabihf-gcc -c -D_LARGEFILE_SOURCE -D_LARGEFILE64_SOURCE -D_FILE_OFFSET_BITS=64 -march=armv7-a -mfpu=neon -mfloat-abi=hard -D_LARGEFILE_SOURCE -D_LARGEFILE64_SOURCE -D_FILE_OFFSET_BITS=64 -Wl,-rpath-link,/home/indream/Projects/RV1106_EXAMPLES/src/out/lib:/home/indream/Projects/RV1106_EXAMPLES/src/out/root/usr/lib -march=armv7-a -mfpu=neon -mfloat-abi=hard -D_LARGEFILE_SOURCE -D_LARGEFILE64_SOURCE -D_FILE_OFFSET_BITS=64 -Wl,-rpath-link,/home/indream/Projects/RV1106_EXAMPLES/src/out/lib:/home/indream/Projects/RV1106_EXAMPLES/src/out/root/usr/lib -march=armv7-a -mfpu=neon -mfloat-abi=hard -D_LARGEFILE_SOURCE -D_LARGEFILE64_SOURCE -D_FILE_OFFSET_BITS=64 -march=armv7-a -mfpu=neon -mfloat-abi=hard -Os -fPIC -fgnu89-inline  conftest.c >&5
configure:6018: $? = 0
configure:6022: test -z 
			 || test ! -s conftest.err
configure:6025: $? = 0
configure:6028: test -s conftest.o
configure:6031: $? = 0
configure:6042: result: yes
configure:6194: creating ./config.status

## ---------------------- ##
## Running config.status. ##
## ---------------------- ##

This file was extended by config.status, which was
generated by GNU Autoconf 2.59.  Invocation command line was

  CONFIG_FILES    = 
  CONFIG_HEADERS  = 
  CONFIG_LINKS    = 
  CONFIG_COMMANDS = 
  $ ./config.status 

on indream-VirtualBox

config.status:691: creating Makefile
config.status:691: creating testsuite/Makefile
config.status:795: creating config.h
config.status:1119: executing depfiles commands

## ---------------- ##
## Cache variables. ##
## ---------------- ##

ac_cv_c_compiler_gnu=yes
ac_cv_c_const=yes
ac_cv_c_inline=inline
ac_cv_env_CC_set=
ac_cv_env_CC_value=
ac_cv_env_CFLAGS_set=set
ac_cv_env_CFLAGS_value='-D_LARGEFILE_SOURCE -D_LARGEFILE64_SOURCE -D_FILE_OFFSET_BITS=64 -march=armv7-a -mfpu=neon -mfloat-abi=hard -D_LARGEFILE_SOURCE -D_LARGEFILE64_SOURCE -D_FILE_OFFSET_BITS=64 -Wl,-rpath-link,/home/indream/Projects/RV1106_EXAMPLES/src/out/lib:/home/indream/Projects/RV1106_EXAMPLES/src/out/root/usr/lib -march=armv7-a -mfpu=neon -mfloat-abi=hard -D_LARGEFILE_SOURCE -D_LARGEFILE64_SOURCE -D_FILE_OFFSET_BITS=64 -Wl,-rpath-link,/home/indream/Projects/RV1106_EXAMPLES/src/out/lib:/home/indream/Projects/RV1106_EXAMPLES/src/out/root/usr/lib -march=armv7-a -mfpu=neon -mfloat-abi=hard -D_LARGEFILE_SOURCE -D_LARGEFILE64_SOURCE -D_FILE_OFFSET_BITS=64 -march=armv7-a -mfpu=neon -mfloat-abi=hard -Os -fPIC -fgnu89-inline'
ac_cv_env_CPPFLAGS_set=
ac_cv_env_CPPFLAGS_value=
ac_cv_env_CPP_set=
ac_cv_env_CPP_value=
ac_cv_env_LDFLAGS_set=
ac_cv_env_LDFLAGS_value=
ac_cv_env_build_alias_set=
ac_cv_env_build_alias_value=
ac_cv_env_host_alias_set=set
ac_cv_env_host_alias_value=arm-rockchip830-linux-uclibcgnueabihf
ac_cv_env_target_alias_set=set
ac_cv_env_target_alias_value=arm-rockchip830-linux-uclibcgnueabihf
ac_cv_exeext=
ac_cv_func__doprnt=no
ac_cv_func_alloca_works=yes
ac_cv_func_asprintf=yes
ac_cv_func_call_putc_unlocked=yes
ac_cv_func_flockfile=yes
ac_cv_func_fputs_unlocked=yes
ac_cv_func_fwrite_unlocked=yes
ac_cv_func_mempcpy=yes
ac_cv_func_strchrnul=yes
ac_cv_func_strdup=yes
ac_cv_func_strerror=yes
ac_cv_func_strndup=yes
ac_cv_func_vprintf=yes
ac_cv_have_decl_program_invocation_name=yes
ac_cv_have_decl_program_invocation_short_name=yes
ac_cv_header_inttypes_h=yes
ac_cv_header_limits_h=yes
ac_cv_header_malloc_h=yes
ac_cv_header_memory_h=yes
ac_cv_header_stdc=yes
ac_cv_header_stdint_h=yes
ac_cv_header_stdlib_h=yes
ac_cv_header_string_h=yes
ac_cv_header_strings_h=yes
ac_cv_header_sys_stat_h=yes
ac_cv_header_sys_types_h=yes
ac_cv_header_unistd_h=yes
ac_cv_objext=o
ac_cv_path_install='/usr/bin/install -c'
ac_cv_prog_AWK=gawk
ac_cv_prog_CC=arm-rockchip830-linux-uclibcgnueabihf-gcc
ac_cv_prog_CPP='arm-rockchip830-linux-uclibcgnueabihf-gcc -E'
ac_cv_prog_RANLIB=arm-rockchip830-linux-uclibcgnueabihf-ranlib
ac_cv_prog_STRIP=arm-rockchip830-linux-uclibcgnueabihf-strip
ac_cv_prog_cc_g=yes
ac_cv_prog_cc_stdc=
ac_cv_prog_egrep='grep -E'
ac_cv_prog_make_make_set=yes
ac_cv_type_size_t=yes
ac_cv_working_alloca_h=yes
am_cv_CC_dependencies_compiler_type=none
am_cv_prog_cc_stdc=
lsh_cv_c_attribute=no

## ----------------- ##
## Output variables. ##
## ----------------- ##

ACLOCAL='${SHELL} /home/indream/Projects/RV1106_EXAMPLES/src/libv4l/argp-standalone-1.3/missing --run aclocal-1.8'
ALLOCA=''
AMDEPBACKSLASH=''
AMDEP_FALSE=''
AMDEP_TRUE='#'
AMTAR='${SHELL} /home/indream/Projects/RV1106_EXAMPLES/src/libv4l/argp-standalone-1.3/missing --run tar'
AUTOCONF='${SHELL} /home/indream/Projects/RV1106_EXAMPLES/src/libv4l/argp-standalone-1.3/missing --run autoconf'
AUTOHEADER='${SHELL} /home/indream/Projects/RV1106_EXAMPLES/src/libv4l/argp-standalone-1.3/missing --run autoheader'
AUTOMAKE='${SHELL} /home/indream/Projects/RV1106_EXAMPLES/src/libv4l/argp-standalone-1.3/missing --run automake-1.8'
AWK='gawk'
CC='arm-rockchip830-linux-uclibcgnueabihf-gcc'
CCDEPMODE='depmode=none'
CFLAGS='-D_LARGEFILE_SOURCE -D_LARGEFILE64_SOURCE -D_FILE_OFFSET_BITS=64 -march=armv7-a -mfpu=neon -mfloat-abi=hard -D_LARGEFILE_SOURCE -D_LARGEFILE64_SOURCE -D_FILE_OFFSET_BITS=64 -Wl,-rpath-link,/home/indream/Projects/RV1106_EXAMPLES/src/out/lib:/home/indream/Projects/RV1106_EXAMPLES/src/out/root/usr/lib -march=armv7-a -mfpu=neon -mfloat-abi=hard -D_LARGEFILE_SOURCE -D_LARGEFILE64_SOURCE -D_FILE_OFFSET_BITS=64 -Wl,-rpath-link,/home/indream/Projects/RV1106_EXAMPLES/src/out/lib:/home/indream/Projects/RV1106_EXAMPLES/src/out/root/usr/lib -march=armv7-a -mfpu=neon -mfloat-abi=hard -D_LARGEFILE_SOURCE -D_LARGEFILE64_SOURCE -D_FILE_OFFSET_BITS=64 -march=armv7-a -mfpu=neon -mfloat-abi=hard -Os -fPIC -fgnu89-inline -ggdb3 -Wall -W  -Wmissing-prototypes -Wmissing-declarations -Wstrict-prototypes  -Waggregate-return  -Wpointer-arith -Wbad-function-cast -Wnested-externs'
CPP='arm-rockchip830-linux-uclibcgnueabihf-gcc -E'
CPPFLAGS=' -I.'
CYGPATH_W='echo'
DEFS='-DHAVE_CONFIG_H'
DEPDIR='.deps'
ECHO_C=''
ECHO_N='-n'
ECHO_T=''
EGREP='grep -E'
EXEEXT=''
INSTALL_DATA='${INSTALL} -m 644'
INSTALL_PROGRAM='${INSTALL}'
INSTALL_SCRIPT='${INSTALL}'
INSTALL_STRIP_PROGRAM='${SHELL} $(install_sh) -c -s'
LDFLAGS=''
LIBOBJS=''
LIBS=''
LTLIBOBJS=''
MAKEINFO='${SHELL} /home/indream/Projects/RV1106_EXAMPLES/src/libv4l/argp-standalone-1.3/missing --run makeinfo'
OBJEXT='o'
PACKAGE='argp'
PACKAGE_BUGREPORT=''
PACKAGE_NAME=''
PACKAGE_STRING=''
PACKAGE_TARNAME=''
PACKAGE_VERSION=''
PATH_SEPARATOR=':'
RANLIB='arm-rockchip830-linux-uclibcgnueabihf-ranlib'
SET_MAKE=''
SHELL='/bin/bash'
STRIP='arm-rockchip830-linux-uclibcgnueabihf-strip'
VERSION='standalone-1.3'
ac_ct_CC=''
ac_ct_RANLIB=''
ac_ct_STRIP=''
am__fastdepCC_FALSE=''
am__fastdepCC_TRUE='#'
am__include='include'
am__leading_dot='.'
am__quote=''
bindir='${exec_prefix}/bin'
build_alias=''
datadir='${prefix}/share'
exec_prefix='/usr'
host_alias='arm-rockchip830-linux-uclibcgnueabihf'
includedir='${prefix}/include'
infodir='${prefix}/info'
install_sh='/home/indream/Projects/RV1106_EXAMPLES/src/libv4l/argp-standalone-1.3/install-sh'
libdir='${exec_prefix}/lib'
libexecdir='${exec_prefix}/libexec'
localstatedir='/var'
mandir='${prefix}/man'
mkdir_p='mkdir -p -- .'
oldincludedir='/usr/include'
prefix='/usr/local'
program_transform_name='s,x,x,'
sbindir='${exec_prefix}/sbin'
sharedstatedir='${prefix}/com'
sysconfdir='/etc'
target_alias='arm-rockchip830-linux-uclibcgnueabihf'

## ----------- ##
## confdefs.h. ##
## ----------- ##

#define HAVE_ALLOCA 1
#define HAVE_ALLOCA_H 1
#define HAVE_ASPRINTF 1
#define HAVE_DECL_PROGRAM_INVOCATION_NAME 1
#define HAVE_DECL_PROGRAM_INVOCATION_SHORT_NAME 1
#define HAVE_FLOCKFILE 1
#define HAVE_FPUTS_UNLOCKED 1
#define HAVE_FWRITE_UNLOCKED 1
#define HAVE_INTTYPES_H 1
#define HAVE_LIMITS_H 1
#define HAVE_MALLOC_H 1
#define HAVE_MEMORY_H 1
#define HAVE_MEMPCPY 1
#define HAVE_PUTC_UNLOCKED 1
#define HAVE_STDINT_H 1
#define HAVE_STDLIB_H 1
#define HAVE_STRCHRNUL 1
#define HAVE_STRDUP 1
#define HAVE_STRERROR 1
#define HAVE_STRINGS_H 1
#define HAVE_STRING_H 1
#define HAVE_STRNDUP 1
#define HAVE_SYS_STAT_H 1
#define HAVE_SYS_TYPES_H 1
#define HAVE_UNISTD_H 1
#define HAVE_UNISTD_H 1
#define HAVE_VPRINTF 1
#define PACKAGE "argp"
#define PACKAGE_BUGREPORT ""
#define PACKAGE_NAME ""
#define PACKAGE_STRING ""
#define PACKAGE_TARNAME ""
#define PACKAGE_VERSION ""
#define STDC_HEADERS 1
#define VERSION "standalone-1.3"
#define _GNU_SOURCE 1

configure: exit 0
